<?xml version="1.0" encoding="UTF-8"?>
<!-- Generated by org.testng.reporters.JUnitReportReporter -->
<testsuite hostname="AmolM" failures="0" tests="1" name="com.selenium.test.LoginTest" time="27.987" errors="0" timestamp="2022-12-15T20:17:45 IST" skipped="0">
  <testcase classname="com.selenium.test.LoginTest" name="f" time="27.987"/>
  <system-out/>
</testsuite> <!-- com.selenium.test.LoginTest -->
